<?xml version="1.0" encoding="UTF-8"?>
<!-- Generated by org.testng.reporters.JUnitReportReporter -->
<testsuite hostname="DESKTOP-OJD6TFS" name="com.shoaib.selenium.ReadContentOfPdf" tests="1" failures="0" timestamp="13 Sep 2020 19:40:10 GMT" time="9.660" errors="0">
  <testcase name="verifyContentInPDf" time="9.660" classname="com.shoaib.selenium.ReadContentOfPdf"/>
</testsuite> <!-- com.shoaib.selenium.ReadContentOfPdf -->
